------ IPMsg ver4.85(x64) -----
 Date        : 2023/09/12 09:12:54
 Start       : 2023/09/12 09:12:10
 OS Infos    : 0a/00/4a64/00/00/100
 Mod Addr    : 0000000140000000
 Code/Adr/DC : C0000005 / 00007FFE6396EAC2 / 00007FFE662547B1
 AX/BX/CX/DX : 0000000000000300 / 0000000000000300 / 000000007FFFFFFF / 0000000000000000
 SI/DI/BP/SP : 0000000000000000 / 000000000000FDE9 / 000000000014E059 / 000000000014DFE0
 08/09/10/11 : 0000000000000300 / 0000000000000000 / 0000000000000000 / 000000000014E0D0
 12/13/14/15 : 000000000614D4C0 / 0000000000000000 / 00000000FFFFFFFF / 00007FFE66255BA1
 BT/BF/ET/EF : 0000000000000000 / 0000000000000000 / 0000000000000000 / 0000000000000000
------- pre stack info -----
0000000000000001 0000000000000000 0000000000000000 0000000000000000
0000000000000027 00000001400933EA 0000000000000001 0000000000000000
00000000004F4970 00007FFE6625B86B 00000000005B0033 0000000002951840
0055005C003A0043 0073007200650073 006D00640041005C 0044005C006E0069
006D00750063006F 00730074006E0065 004D00500049005C 0041005C00670073
0053006F00740075 005C006500760061 006E00720065006D 007400750061002D
0000000000000068 0000000000000040 0000000000480000 000000000014E079
0000000000000006 00007FFE6625B3C7 0000000000180000 0000000000000000
------- stack info -----
0000000000000052 0000000000000000 0000000000000001 00007FFE6625B3C7
0000000000505D10 0000000000000028 0000000000000001 000000000014E0A9
0000000000515530 0000000000000000 0000000000000000 00007FFE66255BA1
0000000000000000 0000000000000000 000090A65B64D8EE 0000000000000000
000000000014E180 0000000039010886 00000000000102A2 0000000000000000
00000000000102A2 0000000000000000 0000000000000000 0000000000000000
00000000FFFFFFFF 000000014008FC71 00000000000102A2 000000000614D4C0
00000000000102A2 0000000000000000 0000000000000000 0000000000000000
0000000000000000 000000014008FEF6 0000000000000300 0000000000000000
FFFFFFFFFFFFFFFF 0000000000000300 0000000000000300 000000014008EED0
0000000000000000 0000000000000000 0000000000000000 0000000140186F70
0000000000000000 0000000000000001 FFFFFFFFFFFFFFFE 0000000000000000
00000000FFFFFFFF 000000014006FAAE 00000000000102A2 000000000614D4C0
00000000000102B2 00000000028B6720 0000000000000000 0000000140070C73
0000000000000000 000000000014E2A0 00000000028B6720 00000000000102B2
0000000000000000 0000000000000000 0000000000000000 000000000014E430
0000000300000001 0000001200000149 FFFFFFFFFFFFFFFE 0000000000182700
0000000000000000 0000000000000000 0000000000000000 0000000000000000
0000000000000000 0000000000000000 0000000000000000 0000000000000000
0000000000000000 0000000000000000 0000000000000000 0000000000000000
0000000002A0E9D0 0000000000D0F1D0 00007FFE80000000 0000000002A0E900
00000000FFFFFDCD 0000000000000001 000000000000000D 00007FFE64CDDDAB
0000000000000000 00007FFE4D0C18F0 00000000000102B2 00007FFE66255BA1
00007AC31D1DCC45 0000000002A0E9D0 00000000023E1690 0000000000000001
000000000014E378 00007FFE613237CE 0000000002972510 0000000000000035
00000000023E0878 0000000002A0D8E0 0000000000000022 00007FFE61331044
0000000000180000 0000000002A0E9D0 000000000014E480 00007FFE64CDC4AD
0000000000000003 0000000002A0E9D0 0000000000100024 0000000000000000
0000000000000001 0000000002A0E9D0 0000000002A0E9D0 00007FFE662547B1
FFFFFFFFFFFFFFFF 0000000000480000 000000000014E4C0 0000000000000000
0000000000000000 0000000000511F10 0000E6FBCD1DA7D9 00007FFE4D0A351E
0000000000000001 000000000014E640 0000000000000000 0000000000070000
0000000000000000 000000000014E520 000000000014E460 00007FFE66249993
0000C13F975E3C40 0000000000000000 00000000000102A2 0000000000000636
00000000CEAA4C06 00000000000102B2 000000000014E480 000000014009DD81
0000000000000007 00000000028B6720 00000000029F1968 000000000014FE80
0000000000000021 0000000000000000 0000000000000000 00007FFE642A24BE
0000000000000111 000000014009EBC3 00000000028B6720 00000000000102B2
000000000014FE80 00000000000102B2 0000000000000001 0000000000000111
00000000000102A2 0000000000000001 0000000000000000 00007FFE64CE28B0
00000000000102A2 0000000000000001 000000000014E638 0000000000000000
0000000000D0F1D0 0000000000100000 000000000014E640 0000000000000000
0000000000000000 8000601100000000 0000000000000000 0000000000000000
000000014009EB60 00007FFE66249877 0000000000000048 0000000000000001
0000000000000000 0000000000000000 0000000000000030 FFFFFFFFFFFFFFFF
FFFFFFFFFFFFFFFF 00007FFE64CE2822 0000000000000000 0000000000000000
0000000000000001 00000000000102B2 0000000000000636 00007FFE64CE2052
0000000000000000 000000014009EB60 0000000000000111 0000000000D0DC00
0000000000000636 00000000000102B2 0000000000000001 000000000014E610
0000000000000000 00000000000102B2 0000000000000000 0000000000000000
0000BF0FFB0D0741 0000000000000215 0000000000000000 0000000000000000
0000000000000000 0000000000000111 0000000000000000 0000000000000636
0000000000000111 00000000000102B2 000000000014E8B0 00007FFE64CE1F66
0000C9C6F1A9A776 00000000000000F3 0000000000000000 00000000000102B2
0000C9C600000000 0000000000000000 0000000080006011 00007FFE64CDE7E8
0000000000000001 0000000000000000 0000000000000001 0000000000000000
0000000000000000 00000000023E5FF0 00000000023E5150 00007FFE6132B552
0000000000000000 0000000000000000 8000601100000000 0000000000000000
0000000000000000 000000006132B518 0000000080004000 0000000000000000
0000000000000001 0000036C00000001 00007FFE4D0C18F0 FFFFFFFFFFFFFFFF
0000000000000048 00007FFE00000001 0000000000000000 0000000000000000
0000000000000070 FFFFFFFFFFFFFFFF FFFFFFFFFFFFFFFF 00007FFE64CDE693
00007FFE64CDEB26 000000000014E7B8 00007FFE662CCB00 0000000000000000
0000000000000048 0000000000000001 0000000000000000 0000000000000000
---- reg point info ----
    5b2566fe 7f000000 00000000 00000000 00000000 000000ee d8645ba6 90000000
Rbp 00000000 00000080 e1140000 00000086 08013900 000000a2 02010000 00000000
    00000000 000000a2 02010000 00000000 00000000 00000000 00000000 00000000

    06000000 00000000 c7b32566 fe7f0000 00001800 00000000 00000000 00000000
Rsp 52000000 00000000 00000000 00000000 01000000 00000000 c7b32566 fe7f0000
    105d5000 00000000 28000000 00000000 01000000 00000000 a9e01400 00000000

    a2020100 00000000 c0d41406 00000000 a2020100 00000000 00000000 00000000
R11 00000000 00000000 00000000 00000000 00000000 00000000 f6fe0840 01000000
    00030000 00000000 00000000 00000000 ffffffff ffffffff 00030000 00000000

    2f000000 00000000 a35d13bd 00270080 48494400 00000000 a25d14bd 00280080
R12 306a0e06 00000000 a55d15bd 0029008e 00000000 00000000 a45d16bd 002a0080
    55494400 00000000 a75d17bd 002b0080 434d4400 00000000 a65d08bd 002c0088

    8b8424e0 00000048 85c07403 6689384d 85e47404 49893c24 488bcee8 7fecffff
R15 85c00f84 72fdffff e99a1508 004c8d72 f0410f0d 0e41807e 0f05750c 410fb646
    0e48c1e0 044c2bf0 41f6460f 3f0f856f ffffff45 33c94889 7c24284d 8bc64889

    11b9ec03 0000e863 c0ffff8b c6e972f8 ffff4183 feff7f3e b9ffffff 7f488bc3
Rip 40383074 0948ffc0 4883e901 75f2b8ff ffff7f4c 8bf6482b c14885c9 4c0f45f0
    0f84c900 000049ff c64981fe ffffff7f 0f87b900 000081ef e8fd0000 0f849800
---- dump info ----
 size=9542088 flags=1a25

---- back trace info ----
 0: 00007FFE6396EAC2 :    1eac2 : KERNELBASE.dll
 1: 000000014008FC71 :    8fc71 : ipmsg.exe
 2: 000000014008FEF6 :    8fef6 : ipmsg.exe
 3: 000000014008EED0 :    8eed0 : ipmsg.exe
 4: 0000000140070C73 :    70c73 : ipmsg.exe
 5: 000000014009DD81 :    9dd81 : ipmsg.exe
 6: 000000014009EBC3 :    9ebc3 : ipmsg.exe
 7: 00007FFE64CE28B0 :    128b0 : USER32.dll
 8: 00007FFE64CE2052 :    12052 : USER32.dll
 9: 00007FFE64CE1F66 :    11f66 : USER32.dll
10: 00007FFE64CDE7E8 :     e7e8 : USER32.dll
11: 00007FFE64CDDDAB :     ddab : USER32.dll
12: 00007FFE64CDD61A :     d61a : USER32.dll
13: 00007FFE4D0B2467 :    52467 : COMCTL32.dll
14: 00007FFE4D0C20F0 :    620f0 : COMCTL32.dll
15: 00007FFE64CDE7E8 :     e7e8 : USER32.dll
16: 00007FFE64CDE229 :     e229 : USER32.dll
17: 00007FFE650A8AB7 :   228ab7 : SHELL32.dll
18: 00007FFE650AA81E :   22a81e : SHELL32.dll
19: 00007FFE650A8735 :   228735 : SHELL32.dll
20: 00007FFE650AA5AE :   22a5ae : SHELL32.dll
21: 000000014009338D :    9338d : ipmsg.exe
22: 0000000140070C47 :    70c47 : ipmsg.exe
23: 000000014009DD81 :    9dd81 : ipmsg.exe
24: 000000014009EBC3 :    9ebc3 : ipmsg.exe
25: 00007FFE64CE28B0 :    128b0 : USER32.dll
26: 00007FFE64CE2052 :    12052 : USER32.dll
27: 00007FFE64CE1F66 :    11f66 : USER32.dll
28: 00007FFE64CDE7E8 :     e7e8 : USER32.dll
29: 00007FFE64CDDDAB :     ddab : USER32.dll
30: 00007FFE64CDD61A :     d61a : USER32.dll
31: 00007FFE4D0B2467 :    52467 : COMCTL32.dll
32: 00007FFE4D0C20F0 :    620f0 : COMCTL32.dll
33: 00007FFE64CDE7E8 :     e7e8 : USER32.dll
34: 00007FFE64CDE229 :     e229 : USER32.dll
35: 00007FFE64CDBFE0 :     bfe0 : USER32.dll
36: 000000014009EB42 :    9eb42 : ipmsg.exe
37: 000000014009EA1E :    9ea1e : ipmsg.exe
38: 000000014001818C :    1818c : ipmsg.exe
39: 0000000140170C0A :   170c0a : ipmsg.exe
40: 00007FFE64BB7034 :    17034 : KERNEL32.DLL
41: 00007FFE66282651 :    52651 : ntdll.dll
------------------------

